cdsn_Det        python experiment1.py --hos   2 82.0
cdsn_Det        python experiment1.py --hos   2 52.0
cdsn_Det        python experiment1.py --hos   1 29.0
cdsn_Det        python experiment1.py --hos   3 51.0
cdsn_Det        python experiment1.py --hos   1 30.0
grep            grep py                       1  0.0

cdsn_Det        python experiment1.py --hos   1 57.6
cdsn_Det        python experiment1.py --hos   2 52.5
cdsn_Det        python experiment1.py --hos   0 29.5
cdsn_Det        python experiment1.py --hos   3 51.5
cdsn_Det        python experiment1.py --hos   1 30.5
grep            grep py                       3  0.0

cdsn_Det        python experiment1.py --hos   0 46.2
cdsn_Det        python experiment1.py --hos   2 55.3
cdsn_Det        python experiment1.py --hos   2 36.3
cdsn_Det        python experiment1.py --hos   3 48.3
cdsn_Det        python experiment1.py --hos   1 32.0
grep            grep py                       3  0.0

cdsn_Det        python experiment1.py --hos   0 39.0
cdsn_Det        python experiment1.py --hos   0 50.0
cdsn_Det        python experiment1.py --hos   2 34.7
cdsn_Det        python experiment1.py --hos   3 49.0
cdsn_Det        python experiment1.py --hos   1 36.7
grep            grep py                       1  0.0

cdsn_Det        python experiment1.py --hos   0 29.2
cdsn_Det        python experiment1.py --hos   0 41.5
cdsn_Det        python experiment1.py --hos   2 31.0
cdsn_Det        python experiment1.py --hos   3 39.0
cdsn_Det        python experiment1.py --hos   1 29.6
grep            grep py                       3  0.0

cdsn_Det        python experiment1.py --hos   3 27.0
cdsn_Det        python experiment1.py --hos   0 44.5
cdsn_Det        python experiment1.py --hos   2 35.2
cdsn_Det        python experiment1.py --hos   3 37.5
cdsn_Det        python experiment1.py --hos   1 30.5
grep            grep py                       2  0.0

cdsn_Det        python experiment1.py --hos   1 25.2
cdsn_Det        python experiment1.py --hos   0 46.8
cdsn_Det        python experiment1.py --hos   2 38.5
cdsn_Det        python experiment1.py --hos   3 36.6
cdsn_Det        python experiment1.py --hos   1 31.2
grep            grep py                       3  0.0

cdsn_Det        python experiment1.py --hos   0 23.7
cdsn_Det        python experiment1.py --hos   0 47.5
cdsn_Det        python experiment1.py --hos   2 39.4
cdsn_Det        python experiment1.py --hos   3 36.3
cdsn_Det        python experiment1.py --hos   1 31.2
grep            grep py                       3  0.0

cdsn_Det        python experiment1.py --hos   2 22.4
cdsn_Det        python experiment1.py --hos   0 48.1
cdsn_Det        python experiment1.py --hos   2 41.0
cdsn_Det        python experiment1.py --hos   3 35.4
cdsn_Det        python experiment1.py --hos   1 31.1
grep            grep py                       1  0.0

cdsn_Det        python experiment1.py --hos   3 21.5
cdsn_Det        python experiment1.py --hos   0 49.3
cdsn_Det        python experiment1.py --hos   2 42.8
cdsn_Det        python experiment1.py --hos   3 34.9
cdsn_Det        python experiment1.py --hos   1 31.4
grep            grep py                       0  0.0

cdsn_Det        python experiment1.py --hos   3 20.7
cdsn_Det        python experiment1.py --hos   0 50.4
cdsn_Det        python experiment1.py --hos   2 44.3
cdsn_Det        python experiment1.py --hos   3 34.5
cdsn_Det        python experiment1.py --hos   1 31.8
grep            grep py                       1  0.0

cdsn_Det        python experiment1.py --hos   3 20.0
cdsn_Det        python experiment1.py --hos   0 51.3
cdsn_Det        python experiment1.py --hos   2 45.5
cdsn_Det        python experiment1.py --hos   3 34.1
cdsn_Det        python experiment1.py --hos   1 32.0
grep            grep py                       1  0.0

cdsn_Det        python experiment1.py --hos   2 19.4
cdsn_Det        python experiment1.py --hos   0 51.4
cdsn_Det        python experiment1.py --hos   2 46.2
cdsn_Det        python experiment1.py --hos   3 33.6
cdsn_Det        python experiment1.py --hos   1 32.0
grep            grep py                       1  0.0

cdsn_Det        python experiment1.py --hos   2 18.8
cdsn_Det        python experiment1.py --hos   0 51.5
cdsn_Det        python experiment1.py --hos   1 46.8
cdsn_Det        python experiment1.py --hos   3 33.1
cdsn_Det        python experiment1.py --hos   1 31.9
grep            grep py                       2  0.0

cdsn_Det        python experiment1.py --hos   1 18.2
cdsn_Det        python experiment1.py --hos   0 51.4
cdsn_Det        python experiment1.py --hos   3 46.5
cdsn_Det        python experiment1.py --hos   3 33.7
cdsn_Det        python experiment1.py --hos   2 31.8
grep            grep py                       0  0.0

cdsn_Det        python experiment1.py --hos   0 17.8
cdsn_Det        python experiment1.py --hos   0 51.5
cdsn_Det        python experiment1.py --hos   2 45.8
cdsn_Det        python experiment1.py --hos   1 34.3
cdsn_Det        python experiment1.py --hos   2 32.0
grep            grep py                       1  0.0

cdsn_Det        python experiment1.py --hos   2 17.4
cdsn_Det        python experiment1.py --hos   0 51.6
cdsn_Det        python experiment1.py --hos   1 45.8
cdsn_Det        python experiment1.py --hos   1 34.5
cdsn_Det        python experiment1.py --hos   3 31.8
grep            grep py                       2  0.0

cdsn_Det        python experiment1.py --hos   0 17.0
cdsn_Det        python experiment1.py --hos   0 51.3
cdsn_Det        python experiment1.py --hos   1 45.7
cdsn_Det        python experiment1.py --hos   2 34.9
cdsn_Det        python experiment1.py --hos   3 32.0
grep            grep py                       3  0.0

cdsn_Det        python experiment1.py --hos   3 16.7
cdsn_Det        python experiment1.py --hos   0 51.4
cdsn_Det        python experiment1.py --hos   2 45.3
cdsn_Det        python experiment1.py --hos   2 34.4
cdsn_Det        python experiment1.py --hos   3 32.8
grep            grep py                       1  0.0

cdsn_Det        python experiment1.py --hos   3 16.4
cdsn_Det        python experiment1.py --hos   0 51.6
cdsn_Det        python experiment1.py --hos   2 44.2
cdsn_Det        python experiment1.py --hos   2 34.2
cdsn_Det        python experiment1.py --hos   0 34.0
python          python experiment1.py --hos   1  0.0
grep            grep py                       0  0.0

cdsn_Det        python experiment1.py --hos   0 15.4
cdsn_Det        python experiment1.py --hos   0 49.1
cdsn_Det        python experiment1.py --hos   1 41.5
cdsn_Det        python experiment1.py --hos   2 32.6
cdsn_Det        python experiment1.py --hos   0 32.8
cdsn_Det        python experiment1.py --hos   3 80.0
cdsn_Det        python experiment1.py --hos   2 15.0
cdsn_Det        python experiment1.py --hos   2 11.0
cdsn_Det        python experiment1.py --hos   3  8.0
cdsn_Det        python experiment1.py --hos   1 12.0
grep            grep py                       1  0.0

cdsn_Det        python experiment1.py --hos   2 15.1
cdsn_Det        python experiment1.py --hos   3 48.8
cdsn_Det        python experiment1.py --hos   2 41.8
cdsn_Det        python experiment1.py --hos   1 32.4
cdsn_Det        python experiment1.py --hos   0 32.5
cdsn_Det        python experiment1.py --hos   3 56.6
cdsn_Det        python experiment1.py --hos   1 30.5
cdsn_Det        python experiment1.py --hos   0 23.5
cdsn_Det        python experiment1.py --hos   3 27.5
cdsn_Det        python experiment1.py --hos   2 26.0
grep            grep py                       3  0.0

cdsn_Det        python experiment1.py --hos   0 14.8
cdsn_Det        python experiment1.py --hos   3 48.7
cdsn_Det        python experiment1.py --hos   2 41.7
cdsn_Det        python experiment1.py --hos   1 32.2
cdsn_Det        python experiment1.py --hos   0 32.4
cdsn_Det        python experiment1.py --hos   1 44.5
cdsn_Det        python experiment1.py --hos   0 32.0
cdsn_Det        python experiment1.py --hos   3 31.3
cdsn_Det        python experiment1.py --hos   1 29.0
cdsn_Det        python experiment1.py --hos   2 27.3
grep            grep py                       1  0.0

cdsn_Det        python experiment1.py --hos   2 14.6
cdsn_Det        python experiment1.py --hos   3 48.3
cdsn_Det        python experiment1.py --hos   1 41.9
cdsn_Det        python experiment1.py --hos   3 32.0
cdsn_Det        python experiment1.py --hos   1 32.4
cdsn_Det        python experiment1.py --hos   0 37.4
cdsn_Det        python experiment1.py --hos   1 32.5
cdsn_Det        python experiment1.py --hos   0 33.5
cdsn_Det        python experiment1.py --hos   2 32.0
cdsn_Det        python experiment1.py --hos   0 28.2
grep            grep py                       3  0.0

cdsn_Det        python experiment1.py --hos   0 14.5
cdsn_Det        python experiment1.py --hos   2 47.9
cdsn_Det        python experiment1.py --hos   3 42.2
cdsn_Det        python experiment1.py --hos   0 32.1
cdsn_Det        python experiment1.py --hos   1 32.8
cdsn_Det        python experiment1.py --hos   0 32.5
cdsn_Det        python experiment1.py --hos   2 37.0
cdsn_Det        python experiment1.py --hos   1 37.0
cdsn_Det        python experiment1.py --hos   0 32.4
cdsn_Det        python experiment1.py --hos   0 28.2
grep            grep py                       3  0.0

cdsn_Det        python experiment1.py --hos   2 14.2
cdsn_Det        python experiment1.py --hos   1 47.5
cdsn_Det        python experiment1.py --hos   3 42.1
cdsn_Det        python experiment1.py --hos   2 31.8
cdsn_Det        python experiment1.py --hos   2 32.4
cdsn_Det        python experiment1.py --hos   3 29.1
cdsn_Det        python experiment1.py --hos   0 37.5
cdsn_Det        python experiment1.py --hos   3 36.3
cdsn_Det        python experiment1.py --hos   2 31.8
cdsn_Det        python experiment1.py --hos   3 27.1
grep            grep py                       3  0.0

cdsn_Det        python experiment1.py --hos   1 14.0
cdsn_Det        python experiment1.py --hos   0 47.3
cdsn_Det        python experiment1.py --hos   0 41.9
cdsn_Det        python experiment1.py --hos   2 31.9
cdsn_Det        python experiment1.py --hos   1 32.3
cdsn_Det        python experiment1.py --hos   3 26.6
cdsn_Det        python experiment1.py --hos   3 38.0
cdsn_Det        python experiment1.py --hos   3 36.0
cdsn_Det        python experiment1.py --hos   1 34.1
cdsn_Det        python experiment1.py --hos   3 29.8
grep            grep py                       3  0.0

cdsn_Det        python experiment1.py --hos   1 13.9
cdsn_Det        python experiment1.py --hos   0 47.0
cdsn_Det        python experiment1.py --hos   1 41.7
cdsn_Det        python experiment1.py --hos   2 31.8
cdsn_Det        python experiment1.py --hos   1 32.5
cdsn_Det        python experiment1.py --hos   3 24.5
cdsn_Det        python experiment1.py --hos   2 36.7
cdsn_Det        python experiment1.py --hos   2 35.2
cdsn_Det        python experiment1.py --hos   0 36.1
cdsn_Det        python experiment1.py --hos   3 31.8
grep            grep py                       2  0.0

cdsn_Det        python experiment1.py --hos   0 13.7
cdsn_Det        python experiment1.py --hos   2 46.9
cdsn_Det        python experiment1.py --hos   1 41.5
cdsn_Det        python experiment1.py --hos   0 32.1
cdsn_Det        python experiment1.py --hos   1 32.3
cdsn_Det        python experiment1.py --hos   3 23.1
cdsn_Det        python experiment1.py --hos   0 37.5
cdsn_Det        python experiment1.py --hos   3 34.2
cdsn_Det        python experiment1.py --hos   3 36.2
cdsn_Det        python experiment1.py --hos   1 33.5
grep            grep py                       1  0.0

cdsn_Det        python experiment1.py --hos   0 13.5
cdsn_Det        python experiment1.py --hos   1 46.7
cdsn_Det        python experiment1.py --hos   3 41.1
cdsn_Det        python experiment1.py --hos   2 32.4
cdsn_Det        python experiment1.py --hos   0 32.3
cdsn_Det        python experiment1.py --hos   2 21.7
cdsn_Det        python experiment1.py --hos   2 38.8
cdsn_Det        python experiment1.py --hos   1 35.3
cdsn_Det        python experiment1.py --hos   0 35.9
cdsn_Det        python experiment1.py --hos   3 34.3
grep            grep py                       3  0.0

cdsn_Det        python experiment1.py --hos   3 13.0
cdsn_Det        python experiment1.py --hos   1 45.4
cdsn_Det        python experiment1.py --hos   3 40.1
cdsn_Det        python experiment1.py --hos   2 31.1
cdsn_Det        python experiment1.py --hos   0 31.2
cdsn_Det        python experiment1.py --hos   3 19.0
cdsn_Det        python experiment1.py --hos   2 36.2
cdsn_Det        python experiment1.py --hos   1 32.0
cdsn_Det        python experiment1.py --hos   0 33.4
cdsn_Det        python experiment1.py --hos   0 30.6
grep            grep py                       3  0.0

cdsn_Det        python experiment1.py --hos   0 12.9
cdsn_Det        python experiment1.py --hos   2 45.4
cdsn_Det        python experiment1.py --hos   0 40.3
cdsn_Det        python experiment1.py --hos   3 30.9
cdsn_Det        python experiment1.py --hos   1 31.1
cdsn_Det        python experiment1.py --hos   3 18.2
cdsn_Det        python experiment1.py --hos   0 36.7
cdsn_Det        python experiment1.py --hos   1 32.4
cdsn_Det        python experiment1.py --hos   1 33.8
cdsn_Det        python experiment1.py --hos   3 31.6
grep            grep py                       1  0.0

cdsn_Det        python experiment1.py --hos   1 12.8
cdsn_Det        python experiment1.py --hos   2 45.3
cdsn_Det        python experiment1.py --hos   1 40.5
cdsn_Det        python experiment1.py --hos   3 30.8
cdsn_Det        python experiment1.py --hos   2 31.0
cdsn_Det        python experiment1.py --hos   3 17.7
cdsn_Det        python experiment1.py --hos   0 37.0
cdsn_Det        python experiment1.py --hos   2 32.3
cdsn_Det        python experiment1.py --hos   0 33.8
cdsn_Det        python experiment1.py --hos   3 32.5
grep            grep py                       0  0.0

cdsn_Det        python experiment1.py --hos   1 12.7
cdsn_Det        python experiment1.py --hos   1 45.2
cdsn_Det        python experiment1.py --hos   3 40.7
cdsn_Det        python experiment1.py --hos   2 30.6
cdsn_Det        python experiment1.py --hos   1 30.9
cdsn_Det        python experiment1.py --hos   2 17.1
cdsn_Det        python experiment1.py --hos   0 37.5
cdsn_Det        python experiment1.py --hos   1 33.4
cdsn_Det        python experiment1.py --hos   0 33.6
cdsn_Det        python experiment1.py --hos   3 33.0
grep            grep py                       2  0.0

cdsn_Det        python experiment1.py --hos   0 12.6
cdsn_Det        python experiment1.py --hos   1 44.8
cdsn_Det        python experiment1.py --hos   1 40.8
cdsn_Det        python experiment1.py --hos   2 31.1
cdsn_Det        python experiment1.py --hos   0 31.3
cdsn_Det        python experiment1.py --hos   1 16.7
cdsn_Det        python experiment1.py --hos   0 37.3
cdsn_Det        python experiment1.py --hos   1 35.0
cdsn_Det        python experiment1.py --hos   3 34.0
cdsn_Det        python experiment1.py --hos   1 33.5
grep            grep py                       1  0.0

cdsn_Det        python experiment1.py --hos   2 12.5
cdsn_Det        python experiment1.py --hos   2 44.2
cdsn_Det        python experiment1.py --hos   1 40.8
cdsn_Det        python experiment1.py --hos   2 31.3
cdsn_Det        python experiment1.py --hos   0 31.6
cdsn_Det        python experiment1.py --hos   3 16.2
cdsn_Det        python experiment1.py --hos   3 37.7
cdsn_Det        python experiment1.py --hos   0 34.8
cdsn_Det        python experiment1.py --hos   2 34.3
cdsn_Det        python experiment1.py --hos   1 33.4
grep            grep py                       2  0.0

cdsn_Det        python experiment1.py --hos   1 12.4
cdsn_Det        python experiment1.py --hos   3 44.2
cdsn_Det        python experiment1.py --hos   1 40.8
cdsn_Det        python experiment1.py --hos   1 31.2
cdsn_Det        python experiment1.py --hos   3 31.6
cdsn_Det        python experiment1.py --hos   1 15.8
cdsn_Det        python experiment1.py --hos   0 38.0
cdsn_Det        python experiment1.py --hos   2 35.1
cdsn_Det        python experiment1.py --hos   0 34.5
cdsn_Det        python experiment1.py --hos   1 33.6
grep            grep py                       3  0.0

cdsn_Det        python experiment1.py --hos   1 12.3
cdsn_Det        python experiment1.py --hos   3 44.1
cdsn_Det        python experiment1.py --hos   0 40.6
cdsn_Det        python experiment1.py --hos   2 31.0
cdsn_Det        python experiment1.py --hos   2 31.4
cdsn_Det        python experiment1.py --hos   3 15.5
cdsn_Det        python experiment1.py --hos   0 37.8
cdsn_Det        python experiment1.py --hos   2 35.6
cdsn_Det        python experiment1.py --hos   3 34.2
cdsn_Det        python experiment1.py --hos   3 34.4
python          python experiment1.py --hos   1  0.0
grep            grep py                       2  0.0

cdsn_Det        python experiment1.py --hos   3 12.2
cdsn_Det        python experiment1.py --hos   3 43.8
cdsn_Det        python experiment1.py --hos   2 40.2
cdsn_Det        python experiment1.py --hos   0 30.7
cdsn_Det        python experiment1.py --hos   2 31.1
cdsn_Det        python experiment1.py --hos   3 15.1
cdsn_Det        python experiment1.py --hos   0 38.1
cdsn_Det        python experiment1.py --hos   2 36.2
cdsn_Det        python experiment1.py --hos   3 33.6
cdsn_Det        python experiment1.py --hos   3 33.9
python          python experiment1.py --hos   1  143
grep            grep py                       2  0.0

cdsn_Det        python experiment1.py --hos   2 12.1
cdsn_Det        python experiment1.py --hos   1 43.6
cdsn_Det        python experiment1.py --hos   2 40.1
cdsn_Det        python experiment1.py --hos   1 30.7
cdsn_Det        python experiment1.py --hos   3 30.9
cdsn_Det        python experiment1.py --hos   2 14.8
cdsn_Det        python experiment1.py --hos   3 37.6
cdsn_Det        python experiment1.py --hos   1 36.7
cdsn_Det        python experiment1.py --hos   3 33.6
cdsn_Det        python experiment1.py --hos   3 33.6
cdsn_Det        python experiment1.py --hos   3 84.5
cdsn_Det        python experiment1.py --hos   1  0.0
cdsn_Det        python experiment1.py --hos   3  0.0
cdsn_Det        python experiment1.py --hos   0  0.0
cdsn_Det        python experiment1.py --hos   1  0.0
grep            grep py                       2  0.0

cdsn_Det        python experiment1.py --hos   1 11.7
cdsn_Det        python experiment1.py --hos   0 42.5
cdsn_Det        python experiment1.py --hos   3 39.0
cdsn_Det        python experiment1.py --hos   2 29.9
cdsn_Det        python experiment1.py --hos   3 30.1
cdsn_Det        python experiment1.py --hos   1 13.8
cdsn_Det        python experiment1.py --hos   1 36.2
cdsn_Det        python experiment1.py --hos   2 35.4
cdsn_Det        python experiment1.py --hos   2 31.7
cdsn_Det        python experiment1.py --hos   1 31.9
cdsn_Det        python experiment1.py --hos   0 44.2
cdsn_Det        python experiment1.py --hos   0 29.5
cdsn_Det        python experiment1.py --hos   1 27.5
cdsn_Det        python experiment1.py --hos   0 33.5
cdsn_Det        python experiment1.py --hos   3 19.5
grep            grep py                       1  0.0

cdsn_Det        python experiment1.py --hos   3 11.6
cdsn_Det        python experiment1.py --hos   0 42.3
cdsn_Det        python experiment1.py --hos   3 38.7
cdsn_Det        python experiment1.py --hos   2 29.7
cdsn_Det        python experiment1.py --hos   1 29.8
cdsn_Det        python experiment1.py --hos   0 13.6
cdsn_Det        python experiment1.py --hos   2 36.1
cdsn_Det        python experiment1.py --hos   1 35.7
cdsn_Det        python experiment1.py --hos   0 31.5
cdsn_Det        python experiment1.py --hos   3 31.7
cdsn_Det        python experiment1.py --hos   2 36.6
cdsn_Det        python experiment1.py --hos   2 35.0
cdsn_Det        python experiment1.py --hos   1 28.3
cdsn_Det        python experiment1.py --hos   0 34.0
cdsn_Det        python experiment1.py --hos   3 24.0
grep            grep py                       1  0.0

cdsn_Det        python experiment1.py --hos   0 11.5
cdsn_Det        python experiment1.py --hos   0 42.2
cdsn_Det        python experiment1.py --hos   2 38.6
cdsn_Det        python experiment1.py --hos   2 29.5
cdsn_Det        python experiment1.py --hos   3 29.8
cdsn_Det        python experiment1.py --hos   3 13.3
cdsn_Det        python experiment1.py --hos   2 36.1
cdsn_Det        python experiment1.py --hos   3 35.8
cdsn_Det        python experiment1.py --hos   2 31.4
cdsn_Det        python experiment1.py --hos   1 31.8
cdsn_Det        python experiment1.py --hos   0 31.6
cdsn_Det        python experiment1.py --hos   0 35.0
cdsn_Det        python experiment1.py --hos   0 29.5
cdsn_Det        python experiment1.py --hos   2 32.2
cdsn_Det        python experiment1.py --hos   3 23.2
grep            grep py                       0  0.0

cdsn_Det        python experiment1.py --hos   2 11.4
cdsn_Det        python experiment1.py --hos   2 41.9
cdsn_Det        python experiment1.py --hos   1 38.2
cdsn_Det        python experiment1.py --hos   0 29.3
cdsn_Det        python experiment1.py --hos   3 29.8
cdsn_Det        python experiment1.py --hos   2 13.1
cdsn_Det        python experiment1.py --hos   0 35.5
cdsn_Det        python experiment1.py --hos   3 36.0
cdsn_Det        python experiment1.py --hos   2 31.1
cdsn_Det        python experiment1.py --hos   2 31.9
cdsn_Det        python experiment1.py --hos   0 28.1
cdsn_Det        python experiment1.py --hos   2 33.8
cdsn_Det        python experiment1.py --hos   1 31.2
cdsn_Det        python experiment1.py --hos   3 31.0
cdsn_Det        python experiment1.py --hos   2 22.0
grep            grep py                       1  0.0

cdsn_Det        python experiment1.py --hos   1 11.3
cdsn_Det        python experiment1.py --hos   2 41.7
cdsn_Det        python experiment1.py --hos   3 38.0
cdsn_Det        python experiment1.py --hos   2 29.3
cdsn_Det        python experiment1.py --hos   1 29.8
cdsn_Det        python experiment1.py --hos   2 12.9
cdsn_Det        python experiment1.py --hos   1 35.4
cdsn_Det        python experiment1.py --hos   2 36.5
cdsn_Det        python experiment1.py --hos   3 31.0
cdsn_Det        python experiment1.py --hos   1 31.8
cdsn_Det        python experiment1.py --hos   0 25.5
cdsn_Det        python experiment1.py --hos   3 34.1
cdsn_Det        python experiment1.py --hos   1 31.5
cdsn_Det        python experiment1.py --hos   2 30.1
cdsn_Det        python experiment1.py --hos   3 23.5
grep            grep py                       0  0.0

cdsn_Det        python experiment1.py --hos   3 11.2
cdsn_Det        python experiment1.py --hos   1 41.5
cdsn_Det        python experiment1.py --hos   0 37.9
cdsn_Det        python experiment1.py --hos   0 29.2
cdsn_Det        python experiment1.py --hos   0 29.9
cdsn_Det        python experiment1.py --hos   1 12.7
cdsn_Det        python experiment1.py --hos   0 35.9
cdsn_Det        python experiment1.py --hos   2 36.5
cdsn_Det        python experiment1.py --hos   1 31.0
cdsn_Det        python experiment1.py --hos   1 31.8
cdsn_Det        python experiment1.py --hos   1 23.5
cdsn_Det        python experiment1.py --hos   3 34.2
cdsn_Det        python experiment1.py --hos   2 34.5
cdsn_Det        python experiment1.py --hos   0 31.5
cdsn_Det        python experiment1.py --hos   3 24.8
grep            grep py                       3  0.0

cdsn_Det        python experiment1.py --hos   1 11.1
cdsn_Det        python experiment1.py --hos   0 41.0
cdsn_Det        python experiment1.py --hos   3 37.8
cdsn_Det        python experiment1.py --hos   2 29.3
cdsn_Det        python experiment1.py --hos   0 30.0
cdsn_Det        python experiment1.py --hos   3 12.6
cdsn_Det        python experiment1.py --hos   0 35.6
cdsn_Det        python experiment1.py --hos   2 36.5
cdsn_Det        python experiment1.py --hos   3 31.4
cdsn_Det        python experiment1.py --hos   1 31.5
cdsn_Det        python experiment1.py --hos   2 21.9
cdsn_Det        python experiment1.py --hos   0 34.7
cdsn_Det        python experiment1.py --hos   1 34.3
cdsn_Det        python experiment1.py --hos   2 31.0
cdsn_Det        python experiment1.py --hos   2 24.8
grep            grep py                       1  0.0

cdsn_Det        python experiment1.py --hos   0 11.0
cdsn_Det        python experiment1.py --hos   1 40.6
cdsn_Det        python experiment1.py --hos   2 37.4
cdsn_Det        python experiment1.py --hos   2 29.2
cdsn_Det        python experiment1.py --hos   0 30.0
cdsn_Det        python experiment1.py --hos   0 12.4
cdsn_Det        python experiment1.py --hos   1 35.8
cdsn_Det        python experiment1.py --hos   3 36.3
cdsn_Det        python experiment1.py --hos   3 31.2
cdsn_Det        python experiment1.py --hos   0 31.8
cdsn_Det        python experiment1.py --hos   2 20.7
cdsn_Det        python experiment1.py --hos   2 35.8
cdsn_Det        python experiment1.py --hos   2 34.4
cdsn_Det        python experiment1.py --hos   0 30.6
cdsn_Det        python experiment1.py --hos   2 26.4
grep            grep py                       2  0.0

cdsn_Det        python experiment1.py --hos   0 11.0
cdsn_Det        python experiment1.py --hos   2 40.4
cdsn_Det        python experiment1.py --hos   0 37.1
cdsn_Det        python experiment1.py --hos   0 29.2
cdsn_Det        python experiment1.py --hos   2 29.9
cdsn_Det        python experiment1.py --hos   1 12.2
cdsn_Det        python experiment1.py --hos   1 35.8
cdsn_Det        python experiment1.py --hos   0 36.1
cdsn_Det        python experiment1.py --hos   2 30.9
cdsn_Det        python experiment1.py --hos   3 31.5
cdsn_Det        python experiment1.py --hos   1 19.5
cdsn_Det        python experiment1.py --hos   3 34.6
cdsn_Det        python experiment1.py --hos   0 34.1
cdsn_Det        python experiment1.py --hos   2 30.6
cdsn_Det        python experiment1.py --hos   0 27.0
grep            grep py                       2  0.0

cdsn_Det        python experiment1.py --hos   0 10.9
cdsn_Det        python experiment1.py --hos   1 40.0
cdsn_Det        python experiment1.py --hos   3 36.8
cdsn_Det        python experiment1.py --hos   2 29.3
cdsn_Det        python experiment1.py --hos   0 29.7
cdsn_Det        python experiment1.py --hos   0 12.0
cdsn_Det        python experiment1.py --hos   1 35.6
cdsn_Det        python experiment1.py --hos   3 35.9
cdsn_Det        python experiment1.py --hos   0 30.8
cdsn_Det        python experiment1.py --hos   1 31.4
cdsn_Det        python experiment1.py --hos   2 18.5
cdsn_Det        python experiment1.py --hos   3 34.2
cdsn_Det        python experiment1.py --hos   0 34.3
cdsn_Det        python experiment1.py --hos   2 30.2
cdsn_Det        python experiment1.py --hos   1 27.5
grep            grep py                       1  0.0

cdsn_Det        python experiment1.py --hos   1 10.6
cdsn_Det        python experiment1.py --hos   1 39.1
cdsn_Det        python experiment1.py --hos   0 36.0
cdsn_Det        python experiment1.py --hos   0 28.8
cdsn_Det        python experiment1.py --hos   1 29.1
cdsn_Det        python experiment1.py --hos   0 11.6
cdsn_Det        python experiment1.py --hos   3 34.5
cdsn_Det        python experiment1.py --hos   2 34.7
cdsn_Det        python experiment1.py --hos   2 30.0
cdsn_Det        python experiment1.py --hos   2 30.2
cdsn_Det        python experiment1.py --hos   0 16.6
cdsn_Det        python experiment1.py --hos   3 32.1
cdsn_Det        python experiment1.py --hos   0 31.6
cdsn_Det        python experiment1.py --hos   2 27.8
cdsn_Det        python experiment1.py --hos   3 24.8
grep            grep py                       0  0.0

cdsn_Det        python experiment1.py --hos   0 10.5
cdsn_Det        python experiment1.py --hos   1 38.9
cdsn_Det        python experiment1.py --hos   2 35.8
cdsn_Det        python experiment1.py --hos   0 28.8
cdsn_Det        python experiment1.py --hos   2 28.8
cdsn_Det        python experiment1.py --hos   2 11.4
cdsn_Det        python experiment1.py --hos   0 34.4
cdsn_Det        python experiment1.py --hos   0 34.8
cdsn_Det        python experiment1.py --hos   2 30.4
cdsn_Det        python experiment1.py --hos   3 30.1
cdsn_Det        python experiment1.py --hos   0 16.0
cdsn_Det        python experiment1.py --hos   0 32.2
cdsn_Det        python experiment1.py --hos   3 32.5
cdsn_Det        python experiment1.py --hos   2 27.9
cdsn_Det        python experiment1.py --hos   0 25.0
grep            grep py                       2  0.0

cdsn_Det        python experiment1.py --hos   3 10.5
cdsn_Det        python experiment1.py --hos   3 38.7
cdsn_Det        python experiment1.py --hos   3 35.6
cdsn_Det        python experiment1.py --hos   1 28.7
cdsn_Det        python experiment1.py --hos   2 28.7
cdsn_Det        python experiment1.py --hos   2 11.3
cdsn_Det        python experiment1.py --hos   2 34.2
cdsn_Det        python experiment1.py --hos   2 34.7
cdsn_Det        python experiment1.py --hos   3 30.1
cdsn_Det        python experiment1.py --hos   2 29.8
cdsn_Det        python experiment1.py --hos   3 15.4
cdsn_Det        python experiment1.py --hos   2 31.4
cdsn_Det        python experiment1.py --hos   0 32.2
cdsn_Det        python experiment1.py --hos   2 28.0
cdsn_Det        python experiment1.py --hos   3 25.6
grep            grep py                       1  0.0

cdsn_Det        python experiment1.py --hos   1 10.4
cdsn_Det        python experiment1.py --hos   3 38.6
cdsn_Det        python experiment1.py --hos   3 35.5
cdsn_Det        python experiment1.py --hos   1 28.8
cdsn_Det        python experiment1.py --hos   0 28.7
cdsn_Det        python experiment1.py --hos   0 11.2
cdsn_Det        python experiment1.py --hos   0 34.6
cdsn_Det        python experiment1.py --hos   2 34.9
cdsn_Det        python experiment1.py --hos   0 30.1
cdsn_Det        python experiment1.py --hos   2 29.7
cdsn_Det        python experiment1.py --hos   0 15.0
cdsn_Det        python experiment1.py --hos   3 32.3
cdsn_Det        python experiment1.py --hos   1 33.0
cdsn_Det        python experiment1.py --hos   0 28.3
cdsn_Det        python experiment1.py --hos   0 25.5
grep            grep py                       1  0.0

cdsn_Det        python experiment1.py --hos   1 10.4
cdsn_Det        python experiment1.py --hos   1 38.5
cdsn_Det        python experiment1.py --hos   1 35.4
cdsn_Det        python experiment1.py --hos   1 28.9
cdsn_Det        python experiment1.py --hos   0 28.6
cdsn_Det        python experiment1.py --hos   0 11.1
cdsn_Det        python experiment1.py --hos   2 34.6
cdsn_Det        python experiment1.py --hos   3 35.0
cdsn_Det        python experiment1.py --hos   1 30.2
cdsn_Det        python experiment1.py --hos   0 29.8
cdsn_Det        python experiment1.py --hos   2 14.6
cdsn_Det        python experiment1.py --hos   3 33.0
cdsn_Det        python experiment1.py --hos   1 33.7
cdsn_Det        python experiment1.py --hos   3 27.8
cdsn_Det        python experiment1.py --hos   2 25.7
grep            grep py                       0  0.0

