cdsn_Det        python experiment1.py --hos   2 50.0
cdsn_Det        python experiment1.py --hos   2 72.0
cdsn_Det        python experiment1.py --hos   3 72.0
cdsn_Det        python experiment1.py --hos   0 72.0
cdsn_Det        python experiment1.py --hos   1 71.0
grep            grep py                       3  0.0

cdsn_Det        python experiment1.py --hos   3 38.2
cdsn_Det        python experiment1.py --hos   2 77.0
cdsn_Det        python experiment1.py --hos   3 69.5
cdsn_Det        python experiment1.py --hos   0 71.5
cdsn_Det        python experiment1.py --hos   1 70.0
grep            grep py                       2  0.0

cdsn_Det        python experiment1.py --hos   3 31.2
cdsn_Det        python experiment1.py --hos   2 78.6
cdsn_Det        python experiment1.py --hos   3 69.0
cdsn_Det        python experiment1.py --hos   0 71.6
cdsn_Det        python experiment1.py --hos   1 68.6
grep            grep py                       2  0.0

cdsn_Det        python experiment1.py --hos   3 26.5
cdsn_Det        python experiment1.py --hos   2 79.5
cdsn_Det        python experiment1.py --hos   3 68.7
cdsn_Det        python experiment1.py --hos   0 71.5
cdsn_Det        python experiment1.py --hos   1 68.5
grep            grep py                       1  0.0

cdsn_Det        python experiment1.py --hos   3 23.1
cdsn_Det        python experiment1.py --hos   2 80.0
cdsn_Det        python experiment1.py --hos   3 69.0
cdsn_Det        python experiment1.py --hos   0 71.4
cdsn_Det        python experiment1.py --hos   1 68.0
grep            grep py                       2  0.0

cdsn_Det        python experiment1.py --hos   3 20.6
cdsn_Det        python experiment1.py --hos   2 80.3
cdsn_Det        python experiment1.py --hos   3 68.8
cdsn_Det        python experiment1.py --hos   0 71.0
cdsn_Det        python experiment1.py --hos   1 68.1
grep            grep py                       0  0.0

cdsn_Det        python experiment1.py --hos   3 18.6
cdsn_Det        python experiment1.py --hos   2 80.5
cdsn_Det        python experiment1.py --hos   3 68.5
cdsn_Det        python experiment1.py --hos   0 71.0
cdsn_Det        python experiment1.py --hos   1 68.1
grep            grep py                       2  0.0

cdsn_Det        python experiment1.py --hos   3 15.5
cdsn_Det        python experiment1.py --hos   2 71.7
cdsn_Det        python experiment1.py --hos   3 60.7
cdsn_Det        python experiment1.py --hos   0 63.2
cdsn_Det        python experiment1.py --hos   1 60.5
grep            grep py                       0  0.0

cdsn_Det        python experiment1.py --hos   2 14.5
cdsn_Det        python experiment1.py --hos   2 71.8
cdsn_Det        python experiment1.py --hos   3 62.3
cdsn_Det        python experiment1.py --hos   0 63.8
cdsn_Det        python experiment1.py --hos   1 61.7
grep            grep py                       3  0.0

cdsn_Det        python experiment1.py --hos   3 13.6
cdsn_Det        python experiment1.py --hos   2 72.4
cdsn_Det        python experiment1.py --hos   3 62.8
cdsn_Det        python experiment1.py --hos   0 64.5
cdsn_Det        python experiment1.py --hos   1 62.4
grep            grep py                       0  0.0

cdsn_Det        python experiment1.py --hos   3 12.8
cdsn_Det        python experiment1.py --hos   2 73.1
cdsn_Det        python experiment1.py --hos   3 63.2
cdsn_Det        python experiment1.py --hos   0 65.0
cdsn_Det        python experiment1.py --hos   1 62.8
grep            grep py                       1  0.0

cdsn_Det        python experiment1.py --hos   3 12.2
cdsn_Det        python experiment1.py --hos   2 73.8
cdsn_Det        python experiment1.py --hos   3 63.6
cdsn_Det        python experiment1.py --hos   0 65.2
cdsn_Det        python experiment1.py --hos   1 63.3
grep            grep py                       2  0.0

cdsn_Det        python experiment1.py --hos   2 11.6
cdsn_Det        python experiment1.py --hos   2 73.7
cdsn_Det        python experiment1.py --hos   3 64.5
cdsn_Det        python experiment1.py --hos   0 65.6
cdsn_Det        python experiment1.py --hos   1 63.7
grep            grep py                       1  0.0

cdsn_Det        python experiment1.py --hos   3 11.1
cdsn_Det        python experiment1.py --hos   2 74.3
cdsn_Det        python experiment1.py --hos   3 64.6
cdsn_Det        python experiment1.py --hos   0 66.0
cdsn_Det        python experiment1.py --hos   1 64.0
grep            grep py                       3  0.0

cdsn_Det        python experiment1.py --hos   3 10.7
cdsn_Det        python experiment1.py --hos   2 74.7
cdsn_Det        python experiment1.py --hos   3 64.8
cdsn_Det        python experiment1.py --hos   0 66.3
cdsn_Det        python experiment1.py --hos   1 64.3
grep            grep py                       1  0.0

cdsn_Det        python experiment1.py --hos   3 10.3
cdsn_Det        python experiment1.py --hos   2 75.1
cdsn_Det        python experiment1.py --hos   3 65.0
cdsn_Det        python experiment1.py --hos   0 66.5
cdsn_Det        python experiment1.py --hos   1 64.5
grep            grep py                       2  0.0

cdsn_Det        python experiment1.py --hos   3  9.4
cdsn_Det        python experiment1.py --hos   2 71.4
cdsn_Det        python experiment1.py --hos   3 61.7
cdsn_Det        python experiment1.py --hos   0 63.2
cdsn_Det        python experiment1.py --hos   1 61.5
grep            grep py                       2  0.0

cdsn_Det        python experiment1.py --hos   3  9.1
cdsn_Det        python experiment1.py --hos   2 71.9
cdsn_Det        python experiment1.py --hos   3 62.1
cdsn_Det        python experiment1.py --hos   0 63.7
cdsn_Det        python experiment1.py --hos   1 61.7
grep            grep py                       1  0.0

cdsn_Det        python experiment1.py --hos   3  8.9
cdsn_Det        python experiment1.py --hos   2 72.6
cdsn_Det        python experiment1.py --hos   3 62.3
cdsn_Det        python experiment1.py --hos   3 63.4
cdsn_Det        python experiment1.py --hos   1 62.4
python          python experiment1.py --hos   0 48.0
grep            grep py                       1  0.0

cdsn_Det        python experiment1.py --hos   3  8.6
cdsn_Det        python experiment1.py --hos   2 71.8
cdsn_Det        python experiment1.py --hos   3 62.7
cdsn_Det        python experiment1.py --hos   2 62.4
cdsn_Det        python experiment1.py --hos   1 62.8
cdsn_Det        python experiment1.py --hos   0 80.0
grep            grep py                       2  0.0

cdsn_Det        python experiment1.py --hos   2  8.4
cdsn_Det        python experiment1.py --hos   0 71.1
cdsn_Det        python experiment1.py --hos   3 61.4
cdsn_Det        python experiment1.py --hos   2 61.5
cdsn_Det        python experiment1.py --hos   1 61.9
cdsn_Det        python experiment1.py --hos   0 54.0
cdsn_Det        python experiment1.py --hos   3 54.0
cdsn_Det        python experiment1.py --hos   0 54.0
cdsn_Det        python experiment1.py --hos   0 39.0
cdsn_Det        python experiment1.py --hos   2 44.0
grep            grep py                       3  0.0

cdsn_Det        python experiment1.py --hos   2  8.1
cdsn_Det        python experiment1.py --hos   3 69.7
cdsn_Det        python experiment1.py --hos   3 61.0
cdsn_Det        python experiment1.py --hos   2 60.9
cdsn_Det        python experiment1.py --hos   1 60.9
cdsn_Det        python experiment1.py --hos   0 41.0
cdsn_Det        python experiment1.py --hos   0 56.0
cdsn_Det        python experiment1.py --hos   1 53.5
cdsn_Det        python experiment1.py --hos   1 45.5
cdsn_Det        python experiment1.py --hos   3 47.5
grep            grep py                       2  0.0

cdsn_Det        python experiment1.py --hos   3  7.9
cdsn_Det        python experiment1.py --hos   0 68.3
cdsn_Det        python experiment1.py --hos   3 60.5
cdsn_Det        python experiment1.py --hos   2 60.7
cdsn_Det        python experiment1.py --hos   0 59.8
cdsn_Det        python experiment1.py --hos   1 33.2
cdsn_Det        python experiment1.py --hos   0 54.6
cdsn_Det        python experiment1.py --hos   1 50.3
cdsn_Det        python experiment1.py --hos   1 44.6
cdsn_Det        python experiment1.py --hos   0 45.6
grep            grep py                       2  0.0

cdsn_Det        python experiment1.py --hos   3  7.7
cdsn_Det        python experiment1.py --hos   1 67.6
cdsn_Det        python experiment1.py --hos   3 59.8
cdsn_Det        python experiment1.py --hos   2 60.0
cdsn_Det        python experiment1.py --hos   1 58.9
cdsn_Det        python experiment1.py --hos   1 28.0
cdsn_Det        python experiment1.py --hos   2 57.2
cdsn_Det        python experiment1.py --hos   1 52.0
cdsn_Det        python experiment1.py --hos   1 44.5
cdsn_Det        python experiment1.py --hos   0 49.0
grep            grep py                       1  0.0

cdsn_Det        python experiment1.py --hos   3  7.2
cdsn_Det        python experiment1.py --hos   2 64.8
cdsn_Det        python experiment1.py --hos   1 57.4
cdsn_Det        python experiment1.py --hos   0 56.9
cdsn_Det        python experiment1.py --hos   0 55.9
cdsn_Det        python experiment1.py --hos   0 21.2
cdsn_Det        python experiment1.py --hos   3 49.0
cdsn_Det        python experiment1.py --hos   2 43.0
cdsn_Det        python experiment1.py --hos   1 36.8
cdsn_Det        python experiment1.py --hos   0 40.3
grep            grep py                       0  0.0

cdsn_Det        python experiment1.py --hos   1  7.0
cdsn_Det        python experiment1.py --hos   2 64.2
cdsn_Det        python experiment1.py --hos   1 57.1
cdsn_Det        python experiment1.py --hos   0 56.3
cdsn_Det        python experiment1.py --hos   3 55.4
cdsn_Det        python experiment1.py --hos   0 19.0
cdsn_Det        python experiment1.py --hos   1 49.8
cdsn_Det        python experiment1.py --hos   2 44.0
cdsn_Det        python experiment1.py --hos   0 38.8
cdsn_Det        python experiment1.py --hos   3 41.7
grep            grep py                       3  0.0

cdsn_Det        python experiment1.py --hos   2  6.9
cdsn_Det        python experiment1.py --hos   2 63.5
cdsn_Det        python experiment1.py --hos   3 56.5
cdsn_Det        python experiment1.py --hos   0 55.9
cdsn_Det        python experiment1.py --hos   3 55.2
cdsn_Det        python experiment1.py --hos   0 17.4
cdsn_Det        python experiment1.py --hos   3 49.5
cdsn_Det        python experiment1.py --hos   1 44.5
cdsn_Det        python experiment1.py --hos   0 40.0
cdsn_Det        python experiment1.py --hos   1 41.8
grep            grep py                       3  0.0

cdsn_Det        python experiment1.py --hos   2  6.8
cdsn_Det        python experiment1.py --hos   2 63.6
cdsn_Det        python experiment1.py --hos   1 56.7
cdsn_Det        python experiment1.py --hos   0 55.8
cdsn_Det        python experiment1.py --hos   2 55.0
cdsn_Det        python experiment1.py --hos   0 16.0
cdsn_Det        python experiment1.py --hos   3 52.0
cdsn_Det        python experiment1.py --hos   2 46.6
cdsn_Det        python experiment1.py --hos   0 43.4
cdsn_Det        python experiment1.py --hos   1 43.7
grep            grep py                       0  0.0

cdsn_Det        python experiment1.py --hos   2  6.6
cdsn_Det        python experiment1.py --hos   2 63.2
cdsn_Det        python experiment1.py --hos   1 56.2
cdsn_Det        python experiment1.py --hos   1 55.4
cdsn_Det        python experiment1.py --hos   0 54.5
cdsn_Det        python experiment1.py --hos   0 14.8
cdsn_Det        python experiment1.py --hos   3 52.7
cdsn_Det        python experiment1.py --hos   2 46.3
cdsn_Det        python experiment1.py --hos   0 44.1
cdsn_Det        python experiment1.py --hos   1 43.8
grep            grep py                       2  0.0

cdsn_Det        python experiment1.py --hos   2  6.5
cdsn_Det        python experiment1.py --hos   2 62.6
cdsn_Det        python experiment1.py --hos   2 55.8
cdsn_Det        python experiment1.py --hos   1 55.0
cdsn_Det        python experiment1.py --hos   0 54.1
cdsn_Det        python experiment1.py --hos   0 13.8
cdsn_Det        python experiment1.py --hos   3 53.1
cdsn_Det        python experiment1.py --hos   3 46.5
cdsn_Det        python experiment1.py --hos   0 45.0
cdsn_Det        python experiment1.py --hos   1 44.9
grep            grep py                       2  0.0

cdsn_Det        python experiment1.py --hos   2  6.4
cdsn_Det        python experiment1.py --hos   3 62.4
cdsn_Det        python experiment1.py --hos   0 55.5
cdsn_Det        python experiment1.py --hos   1 54.6
cdsn_Det        python experiment1.py --hos   0 53.5
cdsn_Det        python experiment1.py --hos   0 13.0
cdsn_Det        python experiment1.py --hos   2 52.4
cdsn_Det        python experiment1.py --hos   3 47.2
cdsn_Det        python experiment1.py --hos   0 45.5
cdsn_Det        python experiment1.py --hos   1 45.2
grep            grep py                       1  0.0

cdsn_Det        python experiment1.py --hos   2  6.1
cdsn_Det        python experiment1.py --hos   2 60.5
cdsn_Det        python experiment1.py --hos   1 53.7
cdsn_Det        python experiment1.py --hos   0 52.7
cdsn_Det        python experiment1.py --hos   1 51.4
cdsn_Det        python experiment1.py --hos   0 11.5
cdsn_Det        python experiment1.py --hos   1 48.3
cdsn_Det        python experiment1.py --hos   2 42.9
cdsn_Det        python experiment1.py --hos   0 42.6
cdsn_Det        python experiment1.py --hos   3 42.5
grep            grep py                       3  0.0

cdsn_Det        python experiment1.py --hos   2  6.0
cdsn_Det        python experiment1.py --hos   2 60.0
cdsn_Det        python experiment1.py --hos   1 53.5
cdsn_Det        python experiment1.py --hos   2 52.5
cdsn_Det        python experiment1.py --hos   2 51.1
cdsn_Det        python experiment1.py --hos   0 10.9
cdsn_Det        python experiment1.py --hos   3 48.9
cdsn_Det        python experiment1.py --hos   2 43.6
cdsn_Det        python experiment1.py --hos   0 43.3
cdsn_Det        python experiment1.py --hos   0 42.5
grep            grep py                       2  0.0

cdsn_Det        python experiment1.py --hos   2  5.9
cdsn_Det        python experiment1.py --hos   1 59.8
cdsn_Det        python experiment1.py --hos   1 53.2
cdsn_Det        python experiment1.py --hos   2 52.3
cdsn_Det        python experiment1.py --hos   2 50.7
cdsn_Det        python experiment1.py --hos   2 10.4
cdsn_Det        python experiment1.py --hos   3 49.1
cdsn_Det        python experiment1.py --hos   1 43.8
cdsn_Det        python experiment1.py --hos   2 43.2
cdsn_Det        python experiment1.py --hos   0 42.6
grep            grep py                       1  0.0

cdsn_Det        python experiment1.py --hos   1  5.8
cdsn_Det        python experiment1.py --hos   3 59.4
cdsn_Det        python experiment1.py --hos   2 53.0
cdsn_Det        python experiment1.py --hos   0 52.0
cdsn_Det        python experiment1.py --hos   1 50.5
cdsn_Det        python experiment1.py --hos   1  9.9
cdsn_Det        python experiment1.py --hos   2 49.7
cdsn_Det        python experiment1.py --hos   2 44.3
cdsn_Det        python experiment1.py --hos   1 44.0
cdsn_Det        python experiment1.py --hos   0 42.8
grep            grep py                       3  0.0

cdsn_Det        python experiment1.py --hos   1  5.7
cdsn_Det        python experiment1.py --hos   2 58.8
cdsn_Det        python experiment1.py --hos   0 52.8
cdsn_Det        python experiment1.py --hos   3 51.8
cdsn_Det        python experiment1.py --hos   3 50.6
cdsn_Det        python experiment1.py --hos   1  9.6
cdsn_Det        python experiment1.py --hos   0 49.8
cdsn_Det        python experiment1.py --hos   2 44.6
cdsn_Det        python experiment1.py --hos   1 44.3
cdsn_Det        python experiment1.py --hos   1 42.6
grep            grep py                       2  0.0
python          python experiment1.py --hos   2  0.0

cdsn_Det        python experiment1.py --hos   1  5.6
cdsn_Det        python experiment1.py --hos   1 58.6
cdsn_Det        python experiment1.py --hos   0 52.7
cdsn_Det        python experiment1.py --hos   1 51.5
cdsn_Det        python experiment1.py --hos   2 50.3
cdsn_Det        python experiment1.py --hos   1  9.1
cdsn_Det        python experiment1.py --hos   1 50.5
cdsn_Det        python experiment1.py --hos   2 45.6
cdsn_Det        python experiment1.py --hos   0 44.3
cdsn_Det        python experiment1.py --hos   0 42.7
python          python experiment1.py --hos   3  137
grep            grep py                       2  0.0

cdsn_Det        python experiment1.py --hos   1  5.5
cdsn_Det        python experiment1.py --hos   3 57.9
cdsn_Det        python experiment1.py --hos   2 52.2
cdsn_Det        python experiment1.py --hos   1 50.9
cdsn_Det        python experiment1.py --hos   2 49.8
cdsn_Det        python experiment1.py --hos   1  8.8
cdsn_Det        python experiment1.py --hos   1 50.2
cdsn_Det        python experiment1.py --hos   2 45.1
cdsn_Det        python experiment1.py --hos   0 44.4
cdsn_Det        python experiment1.py --hos   3 42.9
cdsn_Det        python experiment1.py --hos   3 82.0
cdsn_Det        python experiment1.py --hos   0  0.0
cdsn_Det        python experiment1.py --hos   3  0.0
cdsn_Det        python experiment1.py --hos   1  0.0
cdsn_Det        python experiment1.py --hos   2  0.0
grep            grep py                       0  0.0

cdsn_Det        python experiment1.py --hos   2  5.5
cdsn_Det        python experiment1.py --hos   3 57.3
cdsn_Det        python experiment1.py --hos   3 51.6
cdsn_Det        python experiment1.py --hos   0 50.4
cdsn_Det        python experiment1.py --hos   0 49.2
cdsn_Det        python experiment1.py --hos   0  8.5
cdsn_Det        python experiment1.py --hos   0 49.4
cdsn_Det        python experiment1.py --hos   2 44.4
cdsn_Det        python experiment1.py --hos   3 43.7
cdsn_Det        python experiment1.py --hos   2 42.6
cdsn_Det        python experiment1.py --hos   3 55.0
cdsn_Det        python experiment1.py --hos   0 58.0
cdsn_Det        python experiment1.py --hos   0 53.0
cdsn_Det        python experiment1.py --hos   1 63.0
cdsn_Det        python experiment1.py --hos   2 69.0
grep            grep py                       3  0.0

cdsn_Det        python experiment1.py --hos   0  5.3
cdsn_Det        python experiment1.py --hos   1 55.9
cdsn_Det        python experiment1.py --hos   0 50.2
cdsn_Det        python experiment1.py --hos   0 49.1
cdsn_Det        python experiment1.py --hos   2 48.1
cdsn_Det        python experiment1.py --hos   0  7.9
cdsn_Det        python experiment1.py --hos   3 47.7
cdsn_Det        python experiment1.py --hos   0 42.7
cdsn_Det        python experiment1.py --hos   1 42.0
cdsn_Det        python experiment1.py --hos   2 40.9
cdsn_Det        python experiment1.py --hos   3 33.4
cdsn_Det        python experiment1.py --hos   3 34.6
cdsn_Det        python experiment1.py --hos   1 34.6
cdsn_Det        python experiment1.py --hos   2 40.6
cdsn_Det        python experiment1.py --hos   2 39.6
grep            grep py                       2  0.0

cdsn_Det        python experiment1.py --hos   0  5.2
cdsn_Det        python experiment1.py --hos   0 55.6
cdsn_Det        python experiment1.py --hos   1 50.0
cdsn_Det        python experiment1.py --hos   1 48.9
cdsn_Det        python experiment1.py --hos   3 48.1
cdsn_Det        python experiment1.py --hos   2  7.6
cdsn_Det        python experiment1.py --hos   3 48.0
cdsn_Det        python experiment1.py --hos   2 43.4
cdsn_Det        python experiment1.py --hos   0 41.7
cdsn_Det        python experiment1.py --hos   0 40.6
cdsn_Det        python experiment1.py --hos   3 28.1
cdsn_Det        python experiment1.py --hos   3 38.7
cdsn_Det        python experiment1.py --hos   3 37.2
cdsn_Det        python experiment1.py --hos   3 43.0
cdsn_Det        python experiment1.py --hos   2 38.5
grep            grep py                       1  0.0

cdsn_Det        python experiment1.py --hos   0  5.1
cdsn_Det        python experiment1.py --hos   2 55.0
cdsn_Det        python experiment1.py --hos   2 49.6
cdsn_Det        python experiment1.py --hos   1 48.5
cdsn_Det        python experiment1.py --hos   0 47.6
cdsn_Det        python experiment1.py --hos   2  7.4
cdsn_Det        python experiment1.py --hos   0 47.6
cdsn_Det        python experiment1.py --hos   2 43.0
cdsn_Det        python experiment1.py --hos   3 41.5
cdsn_Det        python experiment1.py --hos   1 40.2
cdsn_Det        python experiment1.py --hos   3 24.2
cdsn_Det        python experiment1.py --hos   2 37.0
cdsn_Det        python experiment1.py --hos   2 35.6
cdsn_Det        python experiment1.py --hos   0 39.8
cdsn_Det        python experiment1.py --hos   3 36.4
grep            grep py                       0  0.0

cdsn_Det        python experiment1.py --hos   3  5.1
cdsn_Det        python experiment1.py --hos   1 54.4
cdsn_Det        python experiment1.py --hos   0 49.1
cdsn_Det        python experiment1.py --hos   0 48.3
cdsn_Det        python experiment1.py --hos   1 47.3
cdsn_Det        python experiment1.py --hos   0  7.2
cdsn_Det        python experiment1.py --hos   0 47.5
cdsn_Det        python experiment1.py --hos   2 42.9
cdsn_Det        python experiment1.py --hos   3 41.5
cdsn_Det        python experiment1.py --hos   1 40.3
cdsn_Det        python experiment1.py --hos   3 21.3
cdsn_Det        python experiment1.py --hos   3 37.5
cdsn_Det        python experiment1.py --hos   1 35.1
cdsn_Det        python experiment1.py --hos   0 39.8
cdsn_Det        python experiment1.py --hos   2 37.0
grep            grep py                       2  0.0

cdsn_Det        python experiment1.py --hos   0  4.9
cdsn_Det        python experiment1.py --hos   3 52.8
cdsn_Det        python experiment1.py --hos   0 47.7
cdsn_Det        python experiment1.py --hos   2 47.0
cdsn_Det        python experiment1.py --hos   1 45.9
cdsn_Det        python experiment1.py --hos   0  6.8
cdsn_Det        python experiment1.py --hos   0 46.0
cdsn_Det        python experiment1.py --hos   1 41.2
cdsn_Det        python experiment1.py --hos   3 40.1
cdsn_Det        python experiment1.py --hos   2 39.1
cdsn_Det        python experiment1.py --hos   3 17.2
cdsn_Det        python experiment1.py --hos   3 33.3
cdsn_Det        python experiment1.py --hos   1 31.3
cdsn_Det        python experiment1.py --hos   3 34.5
cdsn_Det        python experiment1.py --hos   2 32.1
grep            grep py                       3  0.0

cdsn_Det        python experiment1.py --hos   0  4.9
cdsn_Det        python experiment1.py --hos   1 52.5
cdsn_Det        python experiment1.py --hos   1 47.3
cdsn_Det        python experiment1.py --hos   2 46.6
cdsn_Det        python experiment1.py --hos   1 45.4
cdsn_Det        python experiment1.py --hos   0  6.6
cdsn_Det        python experiment1.py --hos   0 45.8
cdsn_Det        python experiment1.py --hos   0 40.8
cdsn_Det        python experiment1.py --hos   1 40.1
cdsn_Det        python experiment1.py --hos   2 39.1
cdsn_Det        python experiment1.py --hos   3 15.8
cdsn_Det        python experiment1.py --hos   2 34.1
cdsn_Det        python experiment1.py --hos   3 31.6
cdsn_Det        python experiment1.py --hos   3 34.5
cdsn_Det        python experiment1.py --hos   0 31.6
grep            grep py                       3  0.0

cdsn_Det        python experiment1.py --hos   0  4.8
cdsn_Det        python experiment1.py --hos   1 52.1
cdsn_Det        python experiment1.py --hos   3 47.0
cdsn_Det        python experiment1.py --hos   1 46.3
cdsn_Det        python experiment1.py --hos   0 45.0
cdsn_Det        python experiment1.py --hos   0  6.4
cdsn_Det        python experiment1.py --hos   0 45.6
cdsn_Det        python experiment1.py --hos   3 40.7
cdsn_Det        python experiment1.py --hos   2 39.7
cdsn_Det        python experiment1.py --hos   2 38.8
cdsn_Det        python experiment1.py --hos   3 14.5
cdsn_Det        python experiment1.py --hos   2 34.6
cdsn_Det        python experiment1.py --hos   2 32.1
cdsn_Det        python experiment1.py --hos   3 34.7
cdsn_Det        python experiment1.py --hos   0 32.2
grep            grep py                       1  0.0

cdsn_Det        python experiment1.py --hos   0  4.7
cdsn_Det        python experiment1.py --hos   2 51.6
cdsn_Det        python experiment1.py --hos   3 46.7
cdsn_Det        python experiment1.py --hos   1 46.0
cdsn_Det        python experiment1.py --hos   0 44.7
cdsn_Det        python experiment1.py --hos   2  6.3
cdsn_Det        python experiment1.py --hos   0 45.1
cdsn_Det        python experiment1.py --hos   3 40.5
cdsn_Det        python experiment1.py --hos   2 39.3
cdsn_Det        python experiment1.py --hos   3 38.5
cdsn_Det        python experiment1.py --hos   3 13.5
cdsn_Det        python experiment1.py --hos   3 34.1
cdsn_Det        python experiment1.py --hos   0 32.0
cdsn_Det        python experiment1.py --hos   1 34.0
cdsn_Det        python experiment1.py --hos   1 31.7
grep            grep py                       3  0.0

cdsn_Det        python experiment1.py --hos   1  4.7
cdsn_Det        python experiment1.py --hos   2 51.2
cdsn_Det        python experiment1.py --hos   3 46.5
cdsn_Det        python experiment1.py --hos   1 45.7
cdsn_Det        python experiment1.py --hos   1 44.4
cdsn_Det        python experiment1.py --hos   3  6.1
cdsn_Det        python experiment1.py --hos   0 44.7
cdsn_Det        python experiment1.py --hos   3 40.2
cdsn_Det        python experiment1.py --hos   2 39.0
cdsn_Det        python experiment1.py --hos   3 38.1
cdsn_Det        python experiment1.py --hos   3 12.6
cdsn_Det        python experiment1.py --hos   1 33.9
cdsn_Det        python experiment1.py --hos   2 32.0
cdsn_Det        python experiment1.py --hos   1 33.9
cdsn_Det        python experiment1.py --hos   1 31.5
grep            grep py                       0  0.0

cdsn_Det        python experiment1.py --hos   1  4.6
cdsn_Det        python experiment1.py --hos   2 51.1
cdsn_Det        python experiment1.py --hos   1 46.6
cdsn_Det        python experiment1.py --hos   1 45.6
cdsn_Det        python experiment1.py --hos   0 44.2
cdsn_Det        python experiment1.py --hos   3  6.0
cdsn_Det        python experiment1.py --hos   0 45.6
cdsn_Det        python experiment1.py --hos   2 40.6
cdsn_Det        python experiment1.py --hos   0 39.2
cdsn_Det        python experiment1.py --hos   3 38.4
cdsn_Det        python experiment1.py --hos   2 11.9
cdsn_Det        python experiment1.py --hos   0 35.4
cdsn_Det        python experiment1.py --hos   2 33.3
cdsn_Det        python experiment1.py --hos   3 34.0
cdsn_Det        python experiment1.py --hos   0 32.3
grep            grep py                       1  0.0

cdsn_Det        python experiment1.py --hos   1  4.6
cdsn_Det        python experiment1.py --hos   2 50.8
cdsn_Det        python experiment1.py --hos   0 46.3
cdsn_Det        python experiment1.py --hos   1 45.3
cdsn_Det        python experiment1.py --hos   3 43.9
cdsn_Det        python experiment1.py --hos   3  5.9
cdsn_Det        python experiment1.py --hos   2 45.2
cdsn_Det        python experiment1.py --hos   0 40.3
cdsn_Det        python experiment1.py --hos   0 39.0
cdsn_Det        python experiment1.py --hos   3 38.3
cdsn_Det        python experiment1.py --hos   0 11.2
cdsn_Det        python experiment1.py --hos   0 37.1
cdsn_Det        python experiment1.py --hos   2 33.6
cdsn_Det        python experiment1.py --hos   1 34.8
cdsn_Det        python experiment1.py --hos   1 32.0
grep            grep py                       2  0.0

cdsn_Det        python experiment1.py --hos   1  4.5
cdsn_Det        python experiment1.py --hos   0 50.5
cdsn_Det        python experiment1.py --hos   1 45.9
cdsn_Det        python experiment1.py --hos   1 45.0
cdsn_Det        python experiment1.py --hos   3 43.6
cdsn_Det        python experiment1.py --hos   3  5.7
cdsn_Det        python experiment1.py --hos   0 44.9
cdsn_Det        python experiment1.py --hos   3 40.0
cdsn_Det        python experiment1.py --hos   0 39.0
cdsn_Det        python experiment1.py --hos   3 38.1
cdsn_Det        python experiment1.py --hos   2 10.7
cdsn_Det        python experiment1.py --hos   1 37.2
cdsn_Det        python experiment1.py --hos   0 34.0
cdsn_Det        python experiment1.py --hos   2 35.1
cdsn_Det        python experiment1.py --hos   3 32.2
grep            grep py                       3  0.0

cdsn_Det        python experiment1.py --hos   2  4.4
cdsn_Det        python experiment1.py --hos   0 49.2
cdsn_Det        python experiment1.py --hos   3 44.9
cdsn_Det        python experiment1.py --hos   3 43.9
cdsn_Det        python experiment1.py --hos   2 42.7
cdsn_Det        python experiment1.py --hos   3  5.5
cdsn_Det        python experiment1.py --hos   0 43.6
cdsn_Det        python experiment1.py --hos   3 39.0
cdsn_Det        python experiment1.py --hos   2 37.9
cdsn_Det        python experiment1.py --hos   1 37.2
cdsn_Det        python experiment1.py --hos   2  9.6
cdsn_Det        python experiment1.py --hos   1 35.4
cdsn_Det        python experiment1.py --hos   0 31.9
cdsn_Det        python experiment1.py --hos   2 32.8
cdsn_Det        python experiment1.py --hos   3 30.2
grep            grep py                       1  0.0

cdsn_Det        python experiment1.py --hos   1  4.4
cdsn_Det        python experiment1.py --hos   1 48.9
cdsn_Det        python experiment1.py --hos   0 44.6
cdsn_Det        python experiment1.py --hos   3 43.7
cdsn_Det        python experiment1.py --hos   1 42.5
cdsn_Det        python experiment1.py --hos   2  5.4
cdsn_Det        python experiment1.py --hos   3 43.4
cdsn_Det        python experiment1.py --hos   3 39.1
cdsn_Det        python experiment1.py --hos   2 38.0
cdsn_Det        python experiment1.py --hos   1 37.4
cdsn_Det        python experiment1.py --hos   2  9.2
cdsn_Det        python experiment1.py --hos   0 35.5
cdsn_Det        python experiment1.py --hos   3 32.7
cdsn_Det        python experiment1.py --hos   2 33.2
cdsn_Det        python experiment1.py --hos   3 30.3
grep            grep py                       1  0.0

cdsn_Det        python experiment1.py --hos   1  4.3
cdsn_Det        python experiment1.py --hos   0 48.7
cdsn_Det        python experiment1.py --hos   0 44.3
cdsn_Det        python experiment1.py --hos   3 43.4
cdsn_Det        python experiment1.py --hos   1 42.3
cdsn_Det        python experiment1.py --hos   1  5.3
cdsn_Det        python experiment1.py --hos   2 43.2
cdsn_Det        python experiment1.py --hos   0 39.2
cdsn_Det        python experiment1.py --hos   1 38.0
cdsn_Det        python experiment1.py --hos   1 37.2
cdsn_Det        python experiment1.py --hos   2  8.8
cdsn_Det        python experiment1.py --hos   3 36.0
cdsn_Det        python experiment1.py --hos   1 32.9
cdsn_Det        python experiment1.py --hos   2 33.6
cdsn_Det        python experiment1.py --hos   3 31.2
grep            grep py                       0  0.0

cdsn_Det        python experiment1.py --hos   0  4.3
cdsn_Det        python experiment1.py --hos   1 48.6
cdsn_Det        python experiment1.py --hos   2 44.3
cdsn_Det        python experiment1.py --hos   3 43.5
cdsn_Det        python experiment1.py --hos   0 42.3
cdsn_Det        python experiment1.py --hos   1  8.5
cdsn_Det        python experiment1.py --hos   2 36.9
cdsn_Det        python experiment1.py --hos   0 33.9
cdsn_Det        python experiment1.py --hos   2 34.1
cdsn_Det        python experiment1.py --hos   1 32.0
grep            grep py                       0  0.0

cdsn_Det        python experiment1.py --hos   0  4.3
cdsn_Det        python experiment1.py --hos   2 48.5
cdsn_Det        python experiment1.py --hos   1 44.3
cdsn_Det        python experiment1.py --hos   3 43.5
cdsn_Det        python experiment1.py --hos   0 42.3
cdsn_Det        python experiment1.py --hos   1  8.2
cdsn_Det        python experiment1.py --hos   1 38.2
cdsn_Det        python experiment1.py --hos   2 35.0
cdsn_Det        python experiment1.py --hos   3 35.8
cdsn_Det        python experiment1.py --hos   1 32.5
grep            grep py                       0  0.0

